<?xml version="1.0" encoding="UTF-8"?>
<!-- Generated by org.testng.reporters.JUnitReportReporter -->
<testsuite skipped="0" hostname="LAPTOP-N7NUNHL1" name="Testcase1.testcase" tests="3" failures="0" timestamp="2020-06-19T23:14:46 IST" time="142.559" errors="0">
  <testcase name="Testcase3" time="33.037" classname="Testcase1.testcase"/>
  <system-out/>
  <testcase name="Testcase2" time="53.672" classname="Testcase1.testcase"/>
  <system-out/>
  <testcase name="Testcase1" time="55.850" classname="Testcase1.testcase"/>
  <system-out/>
</testsuite> <!-- Testcase1.testcase -->
