<?xml version="1.0" encoding="UTF-8"?>
<!-- Generated by org.testng.reporters.JUnitReportReporter -->
<testsuite skipped="0" hostname="LAPTOP-N7NUNHL1" name="Testcase1.testcase" tests="3" failures="0" timestamp="2020-06-22T12:47:23 IST" time="107.397" errors="0">
  <testcase name="Testcase1" time="43.744" classname="Testcase1.testcase"/>
  <system-out/>
  <testcase name="Testcase2" time="38.810" classname="Testcase1.testcase"/>
  <system-out/>
  <testcase name="Testcase3" time="24.843" classname="Testcase1.testcase"/>
  <system-out/>
</testsuite> <!-- Testcase1.testcase -->
