<?xml version="1.0" encoding="UTF-8"?>
<!-- Generated by org.testng.reporters.JUnitReportReporter -->
<testsuite skipped="0" hostname="LAPTOP-N7NUNHL1" name="Testcase1.testcase" tests="3" failures="0" timestamp="2020-06-21T11:28:58 IST" time="159.392" errors="0">
  <testcase name="Testcase3" time="37.109" classname="Testcase1.testcase"/>
  <system-out/>
  <testcase name="Testcase1" time="77.140" classname="Testcase1.testcase"/>
  <system-out/>
  <testcase name="Testcase2" time="45.143" classname="Testcase1.testcase"/>
  <system-out/>
</testsuite> <!-- Testcase1.testcase -->
