<?xml version="1.0" encoding="UTF-8"?>
<!-- Generated by org.testng.reporters.JUnitReportReporter -->
<testsuite skipped="0" hostname="LAPTOP-N7NUNHL1" name="Testcase1.testcase" tests="3" failures="0" timestamp="2020-06-20T14:52:36 IST" time="122.783" errors="0">
  <testcase name="Testcase3" time="28.304" classname="Testcase1.testcase"/>
  <system-out/>
  <testcase name="Testcase2" time="40.550" classname="Testcase1.testcase"/>
  <system-out/>
  <testcase name="Testcase1" time="53.929" classname="Testcase1.testcase"/>
  <system-out/>
</testsuite> <!-- Testcase1.testcase -->
